<?xml version="1.0" encoding="UTF-8"?>
<!-- Generated by org.testng.reporters.JUnitXMLReporter -->
<testsuite hostname="sjc-mphcc" ignored="0" name="Default test" tests="10" failures="0" timestamp="26 Mar 2019 21:40:35 GMT" time="0.12" errors="0">
  <testcase name="positivePasswordValidation" time="0.02" classname="com.bayamp.chaya.training.testng.PasswordRegexTestNG"/>
  <testcase name="positivePasswordValidation" time="0.002" classname="com.bayamp.chaya.training.testng.PasswordRegexTestNG"/>
  <testcase name="positivePasswordValidation" time="0.001" classname="com.bayamp.chaya.training.testng.PasswordRegexTestNG"/>
  <testcase name="positivePasswordValidation" time="0.002" classname="com.bayamp.chaya.training.testng.PasswordRegexTestNG"/>
  <testcase name="positivePasswordValidation" time="0.001" classname="com.bayamp.chaya.training.testng.PasswordRegexTestNG"/>
  <testcase name="negativePasswordValidation" time="0.001" classname="com.bayamp.chaya.training.testng.PasswordRegexTestNG"/>
  <testcase name="negativePasswordValidation" time="0.002" classname="com.bayamp.chaya.training.testng.PasswordRegexTestNG"/>
  <testcase name="negativePasswordValidation" time="0.001" classname="com.bayamp.chaya.training.testng.PasswordRegexTestNG"/>
  <testcase name="negativePasswordValidation" time="0.001" classname="com.bayamp.chaya.training.testng.PasswordRegexTestNG"/>
  <testcase name="negativePasswordValidation" time="0.001" classname="com.bayamp.chaya.training.testng.PasswordRegexTestNG"/>
</testsuite> <!-- Default test -->
